2025-08-19 08:55:48,449 - Calibration - INFO - Kalibrasyon kaydedildi: ./data\processed\calibration.json
2025-08-19 08:55:57,798 - Calibration - INFO - Kalibrasyon kaydedildi: ./data\processed\calibration.json
2025-08-19 09:01:10,611 - Calibration - INFO - Kalibrasyon kaydedildi: ./data\processed\calibration.json
2025-08-19 09:01:25,346 - Calibration - INFO - Kalibrasyon kaydedildi: ./data\processed\calibration.json
2025-08-19 09:32:13,277 - Calibration - INFO - Kalibrasyon kaydedildi: ./data\processed\calibration.json
2025-08-20 06:33:52,126 - Calibration - INFO - Kalibrasyon kaydedildi: ./data\processed\calibration.json
2025-08-22 01:25:53,422 - Calibration - INFO - Kalibrasyon kaydedildi: ./data\processed\calibration.json
2025-08-22 09:28:01,648 INFO Calibration - Kalibrasyon kaydedildi: ./data\processed\calibration.json
2025-08-22 09:28:30,230 INFO Calibration - Kalibrasyon kaydedildi: ./data\processed\calibration.json
2025-08-22 12:03:13,007 INFO Calibration - Kalibrasyon kaydedildi: ./data\processed\calibration.json
2025-08-22 12:03:59,564 INFO Calibration - Kalibrasyon kaydedildi: ./data\processed\calibration.json
2025-08-22 12:04:46,972 INFO Calibration - Kalibrasyon kaydedildi: ./data\processed\calibration.json
2025-08-22 12:05:23,418 INFO Calibration - Kalibrasyon kaydedildi: ./data\processed\calibration.json
2025-08-22 12:05:55,295 INFO Calibration - Kalibrasyon kaydedildi: ./data\processed\calibration.json
2025-08-22 12:06:24,825 INFO Calibration - Kalibrasyon kaydedildi: ./data\processed\calibration.json
2025-08-22 12:07:44,934 INFO Calibration - Kalibrasyon kaydedildi: ./data\processed\calibration.json
2025-08-22 12:35:13,150 INFO Calibration - Kalibrasyon kaydedildi: ./data\processed\calibration.json
2025-08-22 12:35:31,050 INFO Calibration - Kalibrasyon kaydedildi: ./data\processed\calibration.json
2025-08-22 12:35:47,557 INFO Calibration - Kalibrasyon kaydedildi: ./data\processed\calibration.json
2025-08-22 12:39:52,480 INFO Calibration - Kalibrasyon kaydedildi: ./data\processed\calibration.json
2025-08-22 12:40:06,775 INFO Calibration - Kalibrasyon kaydedildi: ./data\processed\calibration.json
2025-08-22 12:40:32,893 INFO Calibration - Kalibrasyon kaydedildi: ./data\processed\calibration.json
2025-08-22 12:41:08,536 INFO Calibration - Kalibrasyon kaydedildi: ./data\processed\calibration.json
2025-08-22 12:41:26,058 INFO Calibration - Kalibrasyon kaydedildi: ./data\processed\calibration.json
2025-08-22 12:42:46,896 INFO Calibration - Kalibrasyon kaydedildi: ./data\processed\calibration.json
2025-08-22 12:43:31,828 INFO Calibration - Kalibrasyon kaydedildi: ./data\processed\calibration.json
2025-08-22 12:43:46,689 INFO Calibration - Kalibrasyon kaydedildi: ./data\processed\calibration.json
2025-08-22 12:48:04,714 INFO Calibration - Kalibrasyon kaydedildi: ./data\processed\calibration.json
2025-08-22 12:48:28,948 INFO Calibration - Kalibrasyon kaydedildi: ./data\processed\calibration.json
2025-08-22 12:52:55,569 INFO Calibration - Kalibrasyon kaydedildi: ./data\processed\calibration.json
2025-08-22 12:53:19,621 INFO Calibration - Kalibrasyon kaydedildi: ./data\processed\calibration.json
2025-08-22 12:53:34,070 INFO Calibration - Kalibrasyon kaydedildi: ./data\processed\calibration.json
2025-08-22 12:54:31,338 INFO Calibration - Kalibrasyon kaydedildi: ./data\processed\calibration.json
2025-08-22 12:54:32,040 INFO Calibration - Kalibrasyon kaydedildi: ./data\processed\calibration.json
2025-08-22 12:54:38,982 INFO Calibration - Kalibrasyon kaydedildi: ./data\processed\calibration.json
2025-08-22 12:55:52,323 INFO Calibration - Kalibrasyon kaydedildi: ./data\processed\calibration.json
2025-08-22 12:55:52,978 INFO Calibration - Kalibrasyon kaydedildi: ./data\processed\calibration.json
2025-08-22 12:58:04,212 INFO Calibration - Kalibrasyon kaydedildi: ./data\processed\calibration.json
2025-08-22 12:58:19,591 INFO Calibration - Kalibrasyon kaydedildi: ./data\processed\calibration.json
2025-08-22 12:58:34,197 INFO Calibration - Kalibrasyon kaydedildi: ./data\processed\calibration.json
2025-08-23 08:19:29,743 INFO Calibration - Kalibrasyon kaydedildi: ./data\processed\calibration.json
2025-08-23 09:19:49,459 INFO Calibration - Kalibrasyon kaydedildi: ./data\processed\calibration.json
2025-08-23 10:24:50,634 INFO Calibration - Kalibrasyon kaydedildi: ./data\processed\calibration.json
2025-08-25 12:37:18,237 INFO Calibration - Kalibrasyon kaydedildi: ./data\processed\calibration.json
2025-08-26 09:25:58,180 INFO Calibration - Kalibrasyon kaydedildi: ./data\processed\calibration.json
2025-08-26 09:36:14,639 INFO Calibration - Persist edilmiş eşikler yüklendi (baseline olarak): {'buy': 50.19, 'sell': 16.82, 'buy_exit': 45.19, 'sell_exit': 21.82, 'source': 'best_candidate'}
2025-08-26 10:14:38,721 INFO Calibration - Kalibrasyon kaydedildi: ./data\processed\calibration.json
2025-08-26 10:40:15,594 INFO Calibration - Threshold overrides yazıldı: ./data\processed\threshold_overrides.json
2025-08-26 10:40:29,560 INFO Calibration - Persist edilmiş eşikler yüklendi (baseline olarak): {'buy': 50.19, 'sell': 16.66, 'buy_exit': 45.19, 'sell_exit': 21.66, 'source': 'overrides'}
2025-08-26 10:40:48,438 INFO Calibration - Persist edilmiş eşikler yüklendi (baseline olarak): {'buy': 50.19, 'sell': 16.66, 'buy_exit': 45.19, 'sell_exit': 21.66, 'source': 'overrides'}
2025-08-26 10:50:04,544 INFO Calibration - Persist edilmiş eşikler yüklendi (baseline olarak): {'buy': 50.19, 'sell': 16.66, 'buy_exit': 45.19, 'sell_exit': 21.66, 'source': 'overrides'}
2025-08-26 10:51:16,396 INFO Calibration - Persist edilmiş eşikler yüklendi (baseline olarak): {'buy': 50.19, 'sell': 16.66, 'buy_exit': 45.19, 'sell_exit': 21.66, 'source': 'overrides'}
2025-08-26 10:51:16,499 INFO Calibration - Kalibrasyon kaydedildi: ./data\processed\calibration.json
2025-08-26 10:51:47,489 INFO Calibration - Persist edilmiş eşikler yüklendi (baseline olarak): {'buy': 50.19, 'sell': 16.66, 'buy_exit': 45.19, 'sell_exit': 21.66, 'source': 'overrides'}
2025-08-26 10:51:47,588 INFO Calibration - Kalibrasyon kaydedildi: ./data\processed\calibration.json
2025-08-26 10:52:09,559 INFO Calibration - Persist edilmiş eşikler yüklendi (baseline olarak): {'buy': 50.19, 'sell': 16.66, 'buy_exit': 45.19, 'sell_exit': 21.66, 'source': 'overrides'}
2025-08-26 10:52:09,660 INFO Calibration - Kalibrasyon kaydedildi: ./data\processed\calibration.json
2025-08-26 10:54:57,688 INFO Calibration - Persist edilmiş eşikler yüklendi (baseline olarak): {'buy': 50.19, 'sell': 16.66, 'buy_exit': 45.19, 'sell_exit': 21.66, 'source': 'overrides'}
2025-08-26 10:54:57,789 INFO Calibration - Kalibrasyon kaydedildi: ./data\processed\calibration.json
2025-08-26 11:01:03,140 INFO Calibration - Threshold overrides yazıldı: ./data\processed\threshold_overrides.json
2025-08-26 11:01:08,982 INFO Calibration - Kalibrasyon kaydedildi: ./data\processed\calibration.json
2025-08-26 11:01:09,686 INFO Calibration - Kalibrasyon kaydedildi: ./data\processed\calibration.json
2025-08-26 11:04:49,324 INFO Calibration - Kalibrasyon kaydedildi: ./data\processed\calibration.json
2025-08-26 11:05:02,782 INFO Calibration - Persist edilmiş eşikler yüklendi (baseline olarak): {'buy': 50.19, 'sell': 16.66, 'buy_exit': 45.19, 'sell_exit': 21.66, 'source': 'overrides'}
2025-08-26 11:05:08,016 INFO Calibration - Kalibrasyon kaydedildi: ./data\processed\calibration.json
2025-08-26 11:41:24,775 INFO Calibration - Kalibrasyon kaydedildi: ./data\processed\calibration.json
2025-09-04 03:31:37,208 INFO Calibration - Kalibrasyon kaydedildi: ./data\processed\calibration.json
2025-09-04 03:31:37,913 INFO Calibration - Persist edilmiş eşikler yüklendi (baseline olarak): {'buy': 50.19, 'sell': 16.66, 'buy_exit': 45.19, 'sell_exit': 21.66, 'source': 'overrides'}
2025-09-04 03:31:44,119 INFO Calibration - Kalibrasyon kaydedildi: ./data\processed\calibration.json
2025-09-04 03:32:14,820 INFO Calibration - Persist edilmiş eşikler yüklendi (baseline olarak): {'buy': 50.19, 'sell': 16.66, 'buy_exit': 45.19, 'sell_exit': 21.66, 'source': 'overrides'}
2025-09-04 03:32:20,851 INFO Calibration - Kalibrasyon kaydedildi: ./data\processed\calibration.json
2025-09-04 05:51:28,391 INFO Calibration - Kalibrasyon kaydedildi: ./data\processed\calibration.json
2025-09-04 18:21:53,197 INFO Calibration - Persist edilmiş eşikler yüklendi (baseline olarak): {'buy': 50.19, 'sell': 16.66, 'buy_exit': 45.19, 'sell_exit': 21.66, 'source': 'overrides'}
2025-09-04 18:21:59,568 INFO Calibration - Kalibrasyon kaydedildi: ./data\processed\calibration.json
2025-09-06 09:12:44,573 INFO Calibration - Kalibrasyon kaydedildi: ./data\processed\calibration.json
