2025-08-19 06:10:53,789 - Main - INFO - Trade Bot balatlyor...
2025-08-19 06:10:55,849 - Main - INFO - Arayz hazr
2025-08-19 06:14:37,156 - Main - INFO - Trade Bot balatlyor...
2025-08-19 06:15:18,941 - Main - INFO - Arayz hazr
2025-08-19 06:16:27,643 - Main - INFO - Trade Bot balatlyor...
2025-08-19 06:17:01,731 - Main - INFO - Arayz hazr
2025-08-19 06:17:52,977 - Main - INFO - Trade Bot balatlyor...
2025-08-19 06:18:22,593 - Main - INFO - Arayz hazr
2025-08-19 06:19:54,656 - Main - INFO - Trade Bot balatlyor...
2025-08-19 06:20:32,525 - Main - INFO - Arayz hazr
2025-08-19 06:26:14,253 - Main - INFO - Trade Bot balatlyor...
2025-08-19 06:26:14,253 - Main - INFO - Environment validation OK
2025-08-19 06:29:57,412 - Main - INFO - Arayz hazr
2025-08-19 06:33:36,233 - Main - INFO - Trade Bot balatlyor...
2025-08-19 06:33:36,233 - Main - INFO - Environment validation OK
2025-08-19 06:34:57,365 - Main - INFO - Arayz hazr
2025-08-19 06:41:02,165 - Main - INFO - Trade Bot balatlyor...
2025-08-19 06:41:02,171 - Main - INFO - Environment validation OK
2025-08-19 06:42:16,008 - Main - INFO - Arayz hazr
2025-08-19 06:58:38,206 - Main - INFO - Trade Bot balatlyor...
2025-08-19 06:58:38,206 - Main - INFO - Environment validation OK
2025-08-19 06:59:22,708 - Main - INFO - Trade Bot balatlyor...
2025-08-19 06:59:22,708 - Main - INFO - Environment validation OK
2025-08-19 06:59:58,345 - Main - INFO - Arayz hazr
2025-08-19 07:09:28,914 - Main - INFO - Trade Bot balatlyor...
2025-08-19 07:09:28,914 - Main - INFO - Environment validation OK
2025-08-19 07:09:31,476 - Main - INFO - Arayz hazr
2025-08-19 07:24:24,937 - Main - INFO - Trade Bot balatlyor...
2025-08-19 07:24:24,937 - Main - INFO - Environment validation OK
2025-08-19 07:24:26,980 - Main - INFO - Arayz hazr
2025-08-19 07:29:37,903 - Main - INFO - Trade Bot balatlyor...
2025-08-19 07:29:37,903 - Main - INFO - Environment validation OK
2025-08-19 07:29:39,933 - Main - INFO - Arayz hazr
2025-08-19 07:36:01,105 - Main - INFO - Trade Bot balatlyor...
2025-08-19 07:36:01,121 - Main - INFO - Environment validation OK
2025-08-19 07:36:03,175 - Main - INFO - Arayz hazr
2025-08-19 07:36:07,857 - Main - INFO - Trade Bot balatlyor...
2025-08-19 07:36:07,857 - Main - INFO - Environment validation OK
2025-08-19 07:36:09,923 - Main - INFO - Arayz hazr
2025-08-19 07:43:46,583 - Main - INFO - Trade Bot balatlyor...
2025-08-19 07:43:46,583 - Main - INFO - Environment validation OK
2025-08-19 07:43:48,656 - Main - INFO - Arayz hazr
2025-08-19 07:47:09,418 - Main - INFO - Trade Bot balatlyor...
2025-08-19 07:47:09,418 - Main - INFO - Environment validation OK
2025-08-19 07:47:11,477 - Main - INFO - Arayz hazr
2025-08-19 07:49:04,822 - Main - INFO - Trade Bot balatlyor...
2025-08-19 07:49:04,822 - Main - INFO - Environment validation OK
2025-08-19 07:49:06,860 - Main - INFO - Arayz hazr
2025-08-19 07:51:38,214 - Main - INFO - Trade Bot balatlyor...
2025-08-19 07:51:38,214 - Main - INFO - Environment validation OK
2025-08-19 07:51:40,224 - Main - INFO - Arayz hazr
2025-08-19 07:51:44,613 - Main - INFO - Trade Bot balatlyor...
2025-08-19 07:51:44,613 - Main - INFO - Environment validation OK
2025-08-19 07:51:46,648 - Main - INFO - Arayz hazr
2025-08-19 07:55:19,139 - Main - INFO - Trade Bot balatlyor...
2025-08-19 07:55:19,139 - Main - INFO - Environment validation OK
2025-08-19 07:55:21,185 - Main - INFO - Arayz hazr
2025-08-19 07:59:08,966 - Main - INFO - Trade Bot balatlyor...
2025-08-19 07:59:08,966 - Main - INFO - Environment validation OK
2025-08-19 07:59:11,006 - Main - INFO - Arayz hazr
2025-08-19 08:04:47,256 - Main - INFO - Trade Bot balatlyor...
2025-08-19 08:04:47,256 - Main - INFO - Environment validation OK
2025-08-19 08:04:49,373 - Main - INFO - Arayz hazr
2025-08-19 08:05:06,466 - Main - INFO - Trade Bot balatlyor...
2025-08-19 08:05:06,466 - Main - INFO - Environment validation OK
2025-08-19 08:05:09,006 - Main - INFO - Arayz hazr
2025-08-19 08:54:22,750 - Main - INFO - Trade Bot balatlyor...
2025-08-19 08:54:22,750 - Main - INFO - Environment validation OK
2025-08-19 08:54:25,296 - Main - INFO - Arayz hazr
2025-08-19 09:30:14,315 - Main - INFO - Trade Bot balatlyor...
2025-08-19 09:30:14,315 - Main - INFO - Environment validation OK
2025-08-19 09:30:16,366 - Main - INFO - Arayz hazr
2025-08-20 06:33:10,281 - Main - INFO - Trade Bot balatlyor...
2025-08-20 06:33:10,281 - Main - INFO - Environment validation OK
2025-08-20 06:33:14,348 - Main - INFO - Arayz hazr
2025-08-22 01:23:42,584 - Main - INFO - Trade Bot balatlyor...
2025-08-22 01:23:42,588 - Main - INFO - Environment validation OK
2025-08-22 01:23:46,689 - Main - INFO - Arayz hazr
2025-08-22 09:26:42,047 INFO Main - Trade Bot balat覺l覺yor...
2025-08-22 09:26:42,053 INFO Main - Environment validation OK
2025-08-22 09:26:45,678 INFO Main - Aray羹z haz覺r
2025-08-22 09:27:23,105 INFO Main - Trade Bot balat覺l覺yor...
2025-08-22 09:27:23,105 INFO Main - Environment validation OK
2025-08-22 09:27:25,159 INFO Main - Aray羹z haz覺r
2025-08-22 09:37:00,645 INFO Main - Trade Bot balat覺l覺yor...
2025-08-22 09:37:00,651 INFO Main - Environment validation OK
2025-08-22 09:37:02,737 INFO Main - Aray羹z haz覺r
2025-08-22 10:04:55,815 INFO Main - Trade Bot balat覺l覺yor...
2025-08-22 10:04:55,815 INFO Main - Environment validation OK
2025-08-22 10:06:04,857 INFO Main - Trade Bot balat覺l覺yor...
2025-08-22 10:06:04,858 INFO Main - Environment validation OK
2025-08-22 10:06:20,317 INFO Main - Trade Bot balat覺l覺yor...
2025-08-22 10:06:20,318 INFO Main - Environment validation OK
2025-08-22 10:06:34,200 INFO Main - Trade Bot balat覺l覺yor...
2025-08-22 10:06:34,201 INFO Main - Environment validation OK
2025-08-22 10:07:48,892 INFO Main - Trade Bot balat覺l覺yor...
2025-08-22 10:07:48,892 INFO Main - Environment validation OK
2025-08-22 10:09:28,351 INFO Main - Trade Bot balat覺l覺yor...
2025-08-22 10:09:28,352 INFO Main - Environment validation OK
2025-08-22 10:10:42,946 INFO Main - Trade Bot balat覺l覺yor...
2025-08-22 10:10:42,946 INFO Main - Environment validation OK
2025-08-22 10:11:27,062 INFO Main - Trade Bot balat覺l覺yor...
2025-08-22 10:11:27,062 INFO Main - Environment validation OK
2025-08-22 10:11:38,782 INFO Main - Trade Bot balat覺l覺yor...
2025-08-22 10:11:38,782 INFO Main - Environment validation OK
2025-08-22 10:16:04,426 INFO Main - Trade Bot balat覺l覺yor...
2025-08-22 10:16:04,426 INFO Main - Environment validation OK
2025-08-22 10:17:25,485 INFO Main - Trade Bot balat覺l覺yor...
2025-08-22 10:17:25,485 INFO Main - Environment validation OK
2025-08-22 10:17:27,539 INFO Main - Aray羹z haz覺r
2025-08-22 10:49:21,883 INFO Main - Trade Bot balat覺l覺yor...
2025-08-22 10:49:21,891 INFO Main - Environment validation OK
2025-08-22 10:49:24,219 INFO Main - Aray羹z haz覺r
2025-08-22 11:55:41,848 INFO Main - Trade Bot balat覺l覺yor...
2025-08-22 11:55:41,848 INFO Main - Environment validation OK
2025-08-22 11:58:32,856 INFO Main - Trade Bot balat覺l覺yor...
2025-08-22 11:58:32,856 INFO Main - Environment validation OK
2025-08-22 11:59:41,407 INFO Main - Trade Bot balat覺l覺yor...
2025-08-22 11:59:41,408 INFO Main - Environment validation OK
2025-08-22 11:59:56,559 INFO Main - Trade Bot balat覺l覺yor...
2025-08-22 11:59:56,560 INFO Main - Environment validation OK
2025-08-22 12:01:02,024 INFO Main - Trade Bot balat覺l覺yor...
2025-08-22 12:01:02,024 INFO Main - Environment validation OK
2025-08-22 12:01:37,464 INFO Main - Trade Bot balat覺l覺yor...
2025-08-22 12:01:37,465 INFO Main - Environment validation OK
2025-08-22 12:02:26,580 INFO Main - Trade Bot balat覺l覺yor...
2025-08-22 12:02:26,580 INFO Main - Environment validation OK
2025-08-22 12:02:29,162 INFO Main - Aray羹z haz覺r
2025-08-22 12:35:01,491 INFO Main - Trade Bot balat覺l覺yor...
2025-08-22 12:35:01,497 INFO Main - Environment validation OK
2025-08-22 12:35:04,117 INFO Main - Aray羹z haz覺r
2025-08-22 12:39:37,228 INFO Main - Trade Bot balat覺l覺yor...
2025-08-22 12:39:37,234 INFO Main - Environment validation OK
2025-08-22 12:39:39,273 INFO Main - Aray羹z haz覺r
2025-08-22 12:40:49,780 INFO Main - Trade Bot balat覺l覺yor...
2025-08-22 12:40:49,786 INFO Main - Environment validation OK
2025-08-22 12:40:51,879 INFO Main - Aray羹z haz覺r
2025-08-22 12:43:17,091 INFO Main - Trade Bot balat覺l覺yor...
2025-08-22 12:43:17,098 INFO Main - Environment validation OK
2025-08-22 12:43:19,185 INFO Main - Aray羹z haz覺r
2025-08-22 12:47:53,105 INFO Main - Trade Bot balat覺l覺yor...
2025-08-22 12:47:53,110 INFO Main - Environment validation OK
2025-08-22 12:47:55,217 INFO Main - Aray羹z haz覺r
2025-08-22 12:52:44,079 INFO Main - Trade Bot balat覺l覺yor...
2025-08-22 12:52:44,085 INFO Main - Environment validation OK
2025-08-22 12:52:46,141 INFO Main - Aray羹z haz覺r
2025-08-22 12:57:12,561 INFO Main - Trade Bot balat覺l覺yor...
2025-08-22 12:57:12,561 INFO Main - Environment validation OK
2025-08-22 12:57:15,176 INFO Main - Aray羹z haz覺r
2025-08-23 06:13:48,640 INFO Main - Trade Bot balat覺l覺yor...
2025-08-23 06:13:48,640 INFO Main - Environment validation OK
2025-08-23 06:13:50,714 INFO Main - Aray羹z haz覺r
2025-08-23 08:19:09,250 INFO Main - Trade Bot balat覺l覺yor...
2025-08-23 08:19:09,251 INFO Main - Environment validation OK
2025-08-23 08:19:12,277 INFO Main - Aray羹z haz覺r
2025-08-23 09:09:36,300 INFO Main - Trade Bot balat覺l覺yor...
2025-08-23 09:09:36,301 INFO Main - Environment validation OK
2025-08-23 09:09:38,409 INFO Main - Aray羹z haz覺r
2025-08-23 09:12:37,829 INFO Main - Trade Bot balat覺l覺yor...
2025-08-23 09:12:37,830 INFO Main - Environment validation OK
2025-08-23 09:12:39,948 INFO Main - Aray羹z haz覺r
2025-08-23 09:19:33,222 INFO Main - Trade Bot balat覺l覺yor...
2025-08-23 09:19:33,223 INFO Main - Environment validation OK
2025-08-23 09:19:35,908 INFO Main - Aray羹z haz覺r
2025-08-23 10:22:52,115 INFO Main - Trade Bot balat覺l覺yor...
2025-08-23 10:22:52,115 INFO Main - Environment validation OK
2025-08-23 10:22:53,729 INFO Main - Aray羹z haz覺r
2025-08-23 10:24:40,534 INFO Main - Trade Bot balat覺l覺yor...
2025-08-23 10:24:40,534 INFO Main - Environment validation OK
2025-08-23 10:24:42,191 INFO Main - Aray羹z haz覺r
