2025-08-20 06:34:09,589 - RuntimeThresholds - INFO - Persisted runtime thresholds: {'ts': '2025-08-20T03:34:09.586108Z', 'buy': 63.3742, 'sell': 25.2492, 'buy_exit': 58.3742, 'sell_exit': 30.2492, 'source': 'calibration'}
2025-08-22 01:23:42,588 - RuntimeThresholds - INFO - Loaded runtime thresholds buy=63.3742 sell=25.2492 buy_exit=58.3742 sell_exit=30.2492 from config\runtime_thresholds.json
2025-08-22 01:27:04,897 - RuntimeThresholds - INFO - Persisted runtime thresholds: {'ts': '2025-08-21T22:27:04.896070Z', 'buy': 49.93, 'sell': 17.27, 'buy_exit': 44.93, 'sell_exit': 22.27, 'source': 'optimization-best'}
2025-08-22 01:27:08,785 - RuntimeThresholds - INFO - Persisted runtime thresholds: {'ts': '2025-08-21T22:27:08.784465Z', 'buy': 59.1302, 'sell': 23.5442, 'buy_exit': 54.1302, 'sell_exit': 28.5442, 'source': 'calibration'}
2025-08-22 09:26:42,053 INFO RuntimeThresholds - Loaded runtime thresholds buy=59.1302 sell=23.5442 buy_exit=54.1302 sell_exit=28.5442 from config\runtime_thresholds.json
2025-08-22 09:27:23,105 INFO RuntimeThresholds - Loaded runtime thresholds buy=59.1302 sell=23.5442 buy_exit=54.1302 sell_exit=28.5442 from config\runtime_thresholds.json
2025-08-22 09:28:40,489 INFO RuntimeThresholds - Persisted runtime thresholds: {'ts': '2025-08-22T06:28:40.488526Z', 'buy': 61.7239, 'sell': 23.5442, 'buy_exit': 56.7239, 'sell_exit': 28.5442, 'source': 'calibration'}
2025-08-22 09:37:00,650 INFO RuntimeThresholds - Loaded runtime thresholds buy=61.7239 sell=23.5442 buy_exit=56.7239 sell_exit=28.5442 from config\runtime_thresholds.json
2025-08-22 10:04:55,815 INFO RuntimeThresholds - Loaded runtime thresholds buy=61.7239 sell=23.5442 buy_exit=56.7239 sell_exit=28.5442 from config\runtime_thresholds.json
2025-08-22 10:06:04,858 INFO RuntimeThresholds - Loaded runtime thresholds buy=61.7239 sell=23.5442 buy_exit=56.7239 sell_exit=28.5442 from config\runtime_thresholds.json
2025-08-22 10:06:20,318 INFO RuntimeThresholds - Loaded runtime thresholds buy=61.7239 sell=23.5442 buy_exit=56.7239 sell_exit=28.5442 from config\runtime_thresholds.json
2025-08-22 10:06:34,200 INFO RuntimeThresholds - Loaded runtime thresholds buy=61.7239 sell=23.5442 buy_exit=56.7239 sell_exit=28.5442 from config\runtime_thresholds.json
2025-08-22 10:07:48,892 INFO RuntimeThresholds - Loaded runtime thresholds buy=61.7239 sell=23.5442 buy_exit=56.7239 sell_exit=28.5442 from config\runtime_thresholds.json
2025-08-22 10:09:28,351 INFO RuntimeThresholds - Loaded runtime thresholds buy=61.7239 sell=23.5442 buy_exit=56.7239 sell_exit=28.5442 from config\runtime_thresholds.json
2025-08-22 10:10:42,946 INFO RuntimeThresholds - Loaded runtime thresholds buy=61.7239 sell=23.5442 buy_exit=56.7239 sell_exit=28.5442 from config\runtime_thresholds.json
2025-08-22 10:11:27,062 INFO RuntimeThresholds - Loaded runtime thresholds buy=61.7239 sell=23.5442 buy_exit=56.7239 sell_exit=28.5442 from config\runtime_thresholds.json
2025-08-22 10:11:38,782 INFO RuntimeThresholds - Loaded runtime thresholds buy=61.7239 sell=23.5442 buy_exit=56.7239 sell_exit=28.5442 from config\runtime_thresholds.json
2025-08-22 10:16:04,426 INFO RuntimeThresholds - Loaded runtime thresholds buy=61.7239 sell=23.5442 buy_exit=56.7239 sell_exit=28.5442 from config\runtime_thresholds.json
2025-08-22 10:17:25,485 INFO RuntimeThresholds - Loaded runtime thresholds buy=61.7239 sell=23.5442 buy_exit=56.7239 sell_exit=28.5442 from config\runtime_thresholds.json
2025-08-22 10:49:21,891 INFO RuntimeThresholds - Loaded runtime thresholds buy=61.7239 sell=23.5442 buy_exit=56.7239 sell_exit=28.5442 from config\runtime_thresholds.json
2025-08-22 11:55:41,848 INFO RuntimeThresholds - Loaded runtime thresholds buy=61.7239 sell=23.5442 buy_exit=56.7239 sell_exit=28.5442 from config\runtime_thresholds.json
2025-08-22 11:58:32,856 INFO RuntimeThresholds - Loaded runtime thresholds buy=61.7239 sell=23.5442 buy_exit=56.7239 sell_exit=28.5442 from config\runtime_thresholds.json
2025-08-22 11:59:41,408 INFO RuntimeThresholds - Loaded runtime thresholds buy=61.7239 sell=23.5442 buy_exit=56.7239 sell_exit=28.5442 from config\runtime_thresholds.json
2025-08-22 11:59:56,560 INFO RuntimeThresholds - Loaded runtime thresholds buy=61.7239 sell=23.5442 buy_exit=56.7239 sell_exit=28.5442 from config\runtime_thresholds.json
2025-08-22 12:01:02,024 INFO RuntimeThresholds - Loaded runtime thresholds buy=61.7239 sell=23.5442 buy_exit=56.7239 sell_exit=28.5442 from config\runtime_thresholds.json
2025-08-22 12:01:37,465 INFO RuntimeThresholds - Loaded runtime thresholds buy=61.7239 sell=23.5442 buy_exit=56.7239 sell_exit=28.5442 from config\runtime_thresholds.json
2025-08-22 12:02:26,580 INFO RuntimeThresholds - Loaded runtime thresholds buy=61.7239 sell=23.5442 buy_exit=56.7239 sell_exit=28.5442 from config\runtime_thresholds.json
2025-08-22 12:03:51,995 INFO RuntimeThresholds - Persisted runtime thresholds: {'ts': '2025-08-22T09:03:51.995309Z', 'buy': 56.4592, 'sell': 21.4846, 'buy_exit': 51.4592, 'sell_exit': 26.4846, 'source': 'calibration'}
2025-08-22 12:04:31,916 INFO RuntimeThresholds - Persisted runtime thresholds: {'ts': '2025-08-22T09:04:31.915608Z', 'buy': 49.63, 'sell': 16.66, 'buy_exit': 44.63, 'sell_exit': 21.66, 'source': 'optimization-best'}
2025-08-22 12:05:23,420 INFO RuntimeThresholds - Persisted runtime thresholds: {'ts': '2025-08-22T09:05:23.419642Z', 'buy': 56.4592, 'sell': 21.4846, 'buy_exit': 51.4592, 'sell_exit': 26.4846, 'source': 'calibration'}
2025-08-22 12:05:55,297 INFO RuntimeThresholds - Persisted runtime thresholds: {'ts': '2025-08-22T09:05:55.297331Z', 'buy': 59.6483, 'sell': 21.3353, 'buy_exit': 54.6483, 'sell_exit': 26.3353, 'source': 'calibration'}
2025-08-22 12:06:24,827 INFO RuntimeThresholds - Persisted runtime thresholds: {'ts': '2025-08-22T09:06:24.827408Z', 'buy': 59.6483, 'sell': 21.3353, 'buy_exit': 54.6483, 'sell_exit': 26.3353, 'source': 'calibration'}
2025-08-22 12:07:04,567 INFO RuntimeThresholds - Persisted runtime thresholds: {'ts': '2025-08-22T09:07:04.567723Z', 'buy': 50.19, 'sell': 16.66, 'buy_exit': 45.19, 'sell_exit': 21.66, 'source': 'optimization-select'}
2025-08-22 12:07:09,192 INFO RuntimeThresholds - Persisted runtime thresholds: {'ts': '2025-08-22T09:07:09.191095Z', 'buy': 50.19, 'sell': 16.66, 'buy_exit': 45.19, 'sell_exit': 21.66, 'source': 'optimization-best'}
2025-08-22 12:07:44,936 INFO RuntimeThresholds - Persisted runtime thresholds: {'ts': '2025-08-22T09:07:44.936986Z', 'buy': 59.6483, 'sell': 21.3353, 'buy_exit': 54.6483, 'sell_exit': 26.3353, 'source': 'calibration'}
2025-08-22 12:08:11,304 INFO RuntimeThresholds - Persisted runtime thresholds: {'ts': '2025-08-22T09:08:11.304581Z', 'buy': 59.6483, 'sell': 21.3353, 'buy_exit': 54.6483, 'sell_exit': 26.3353, 'source': 'calibration'}
2025-08-22 12:08:16,416 INFO RuntimeThresholds - Persisted runtime thresholds: {'ts': '2025-08-22T09:08:16.416946Z', 'buy': 50.19, 'sell': 16.66, 'buy_exit': 45.19, 'sell_exit': 21.66, 'source': 'optimization-best'}
2025-08-22 12:08:19,256 INFO RuntimeThresholds - Persisted runtime thresholds: {'ts': '2025-08-22T09:08:19.256779Z', 'buy': 50.19, 'sell': 16.66, 'buy_exit': 45.19, 'sell_exit': 21.66, 'source': 'optimization-select'}
2025-08-22 12:08:22,640 INFO RuntimeThresholds - Persisted runtime thresholds: {'ts': '2025-08-22T09:08:22.640991Z', 'buy': 50.19, 'sell': 19.06, 'buy_exit': 45.19, 'sell_exit': 24.06, 'source': 'optimization-select'}
2025-08-22 12:35:01,496 INFO RuntimeThresholds - Loaded runtime thresholds buy=50.19 sell=19.06 buy_exit=45.19 sell_exit=24.06 from config\runtime_thresholds.json
2025-08-22 12:35:18,391 INFO RuntimeThresholds - Persisted runtime thresholds: {'ts': '2025-08-22T09:35:18.391705Z', 'buy': 50.19, 'sell': 16.66, 'buy_exit': 45.19, 'sell_exit': 21.66, 'source': 'optimization-best'}
2025-08-22 12:35:39,784 INFO RuntimeThresholds - Persisted runtime thresholds: {'ts': '2025-08-22T09:35:39.784607Z', 'buy': 50.19, 'sell': 16.66, 'buy_exit': 45.19, 'sell_exit': 21.66, 'source': 'optimization-best'}
2025-08-22 12:39:37,234 INFO RuntimeThresholds - Loaded runtime thresholds buy=50.19 sell=16.66 buy_exit=45.19 sell_exit=21.66 from config\runtime_thresholds.json
2025-08-22 12:39:59,374 INFO RuntimeThresholds - Persisted runtime thresholds: {'ts': '2025-08-22T09:39:59.373010Z', 'buy': 50.19, 'sell': 16.66, 'buy_exit': 45.19, 'sell_exit': 21.66, 'source': 'optimization-best'}
2025-08-22 12:40:18,589 INFO RuntimeThresholds - Persisted runtime thresholds: {'ts': '2025-08-22T09:40:18.589325Z', 'buy': 50.19, 'sell': 16.66, 'buy_exit': 45.19, 'sell_exit': 21.66, 'source': 'optimization-best'}
2025-08-22 12:40:49,786 INFO RuntimeThresholds - Loaded runtime thresholds buy=50.19 sell=16.66 buy_exit=45.19 sell_exit=21.66 from config\runtime_thresholds.json
2025-08-22 12:41:14,806 INFO RuntimeThresholds - Persisted runtime thresholds: {'ts': '2025-08-22T09:41:14.806642Z', 'buy': 50.19, 'sell': 16.66, 'buy_exit': 45.19, 'sell_exit': 21.66, 'source': 'optimization-best'}
2025-08-22 12:43:17,097 INFO RuntimeThresholds - Loaded runtime thresholds buy=50.19 sell=16.66 buy_exit=45.19 sell_exit=21.66 from config\runtime_thresholds.json
2025-08-22 12:43:38,913 INFO RuntimeThresholds - Persisted runtime thresholds: {'ts': '2025-08-22T09:43:38.913677Z', 'buy': 50.19, 'sell': 16.66, 'buy_exit': 45.19, 'sell_exit': 21.66, 'source': 'optimization-best'}
2025-08-22 12:43:51,586 INFO RuntimeThresholds - Persisted runtime thresholds: {'ts': '2025-08-22T09:43:51.585850Z', 'buy': 59.6483, 'sell': 21.3353, 'buy_exit': 54.6483, 'sell_exit': 26.3353, 'source': 'calibration'}
2025-08-22 12:43:59,842 INFO RuntimeThresholds - Persisted runtime thresholds: {'ts': '2025-08-22T09:43:59.842302Z', 'buy': 50.19, 'sell': 16.66, 'buy_exit': 45.19, 'sell_exit': 21.66, 'source': 'optimization-best'}
2025-08-22 12:47:53,109 INFO RuntimeThresholds - Loaded runtime thresholds buy=50.19 sell=16.66 buy_exit=45.19 sell_exit=21.66 from config\runtime_thresholds.json
2025-08-22 12:48:08,087 INFO RuntimeThresholds - Persisted runtime thresholds: {'ts': '2025-08-22T09:48:08.086801Z', 'buy': 50.19, 'sell': 19.06, 'buy_exit': 45.19, 'sell_exit': 24.06, 'source': 'optimization-best'}
2025-08-22 12:52:44,084 INFO RuntimeThresholds - Loaded runtime thresholds buy=50.19 sell=19.06 buy_exit=45.19 sell_exit=24.06 from config\runtime_thresholds.json
2025-08-22 12:53:10,781 INFO RuntimeThresholds - Persisted runtime thresholds: {'ts': '2025-08-22T09:53:10.780352Z', 'buy': 50.19, 'sell': 16.82, 'buy_exit': 45.19, 'sell_exit': 21.82, 'source': 'optimization-best'}
2025-08-22 12:53:34,072 INFO RuntimeThresholds - Persisted runtime thresholds: {'ts': '2025-08-22T09:53:34.072258Z', 'buy': 50.19, 'sell': 16.66, 'buy_exit': 45.19, 'sell_exit': 21.66, 'source': 'calibration'}
2025-08-22 12:57:12,561 INFO RuntimeThresholds - Loaded runtime thresholds buy=50.19 sell=16.66 buy_exit=45.19 sell_exit=21.66 from config\runtime_thresholds.json
2025-08-22 12:58:10,498 INFO RuntimeThresholds - Persisted runtime thresholds: {'ts': '2025-08-22T09:58:10.498570Z', 'buy': 49.33, 'sell': 16.82, 'buy_exit': 44.33, 'sell_exit': 21.82, 'source': 'optimization-best'}
2025-08-22 12:58:25,642 INFO RuntimeThresholds - Persisted runtime thresholds: {'ts': '2025-08-22T09:58:25.642523Z', 'buy': 50.19, 'sell': 16.82, 'buy_exit': 45.19, 'sell_exit': 21.82, 'source': 'calibration'}
2025-08-23 06:13:48,640 INFO RuntimeThresholds - Loaded runtime thresholds buy=50.19 sell=16.82 buy_exit=45.19 sell_exit=21.82 from config\runtime_thresholds.json
2025-08-23 08:19:09,250 INFO RuntimeThresholds - Loaded runtime thresholds buy=50.19 sell=16.82 buy_exit=45.19 sell_exit=21.82 from config\runtime_thresholds.json
2025-08-23 09:09:36,300 INFO RuntimeThresholds - Loaded runtime thresholds buy=50.19 sell=16.82 buy_exit=45.19 sell_exit=21.82 from config\runtime_thresholds.json
2025-08-23 09:12:37,830 INFO RuntimeThresholds - Loaded runtime thresholds buy=50.19 sell=16.82 buy_exit=45.19 sell_exit=21.82 from config\runtime_thresholds.json
2025-08-23 09:19:33,223 INFO RuntimeThresholds - Loaded runtime thresholds buy=50.19 sell=16.82 buy_exit=45.19 sell_exit=21.82 from config\runtime_thresholds.json
2025-08-23 10:22:52,115 INFO RuntimeThresholds - Loaded runtime thresholds buy=50.19 sell=16.82 buy_exit=45.19 sell_exit=21.82 from config\runtime_thresholds.json
2025-08-23 10:24:40,534 INFO RuntimeThresholds - Loaded runtime thresholds buy=50.19 sell=16.82 buy_exit=45.19 sell_exit=21.82 from config\runtime_thresholds.json
