2025-08-22 09:26:44,132 INFO TradeStore - TradeStore hazır: data\trades.db
2025-08-22 09:27:24,508 INFO TradeStore - TradeStore hazır: data\trades.db
2025-08-22 09:37:02,087 INFO TradeStore - TradeStore hazır: data\trades.db
2025-08-22 10:04:57,299 INFO TradeStore - TradeStore hazır: data\trades.db
2025-08-22 10:06:06,291 INFO TradeStore - TradeStore hazır: data\trades.db
2025-08-22 10:06:21,770 INFO TradeStore - TradeStore hazır: data\trades.db
2025-08-22 10:06:35,633 INFO TradeStore - TradeStore hazır: data\trades.db
2025-08-22 10:07:50,287 INFO TradeStore - TradeStore hazır: data\trades.db
2025-08-22 10:09:29,780 INFO TradeStore - TradeStore hazır: data\trades.db
2025-08-22 10:10:44,370 INFO TradeStore - TradeStore hazır: data\trades.db
2025-08-22 10:11:28,460 INFO TradeStore - TradeStore hazır: data\trades.db
2025-08-22 10:11:40,185 INFO TradeStore - TradeStore hazır: data\trades.db
2025-08-22 10:16:05,844 INFO TradeStore - TradeStore hazır: data\trades.db
2025-08-22 10:17:26,878 INFO TradeStore - TradeStore hazır: data\trades.db
2025-08-22 10:49:23,400 INFO TradeStore - TradeStore hazır: data\trades.db
2025-08-22 11:15:31,523 INFO TradeStore - TradeStore hazır: data\trades.db
2025-08-22 11:15:41,922 INFO TradeStore - TradeStore hazır: data\trades.db
2025-08-22 11:15:45,049 INFO TradeStore - TradeStore hazır: data\trades.db
2025-08-22 11:15:47,282 INFO TradeStore - TradeStore hazır: data\trades.db
2025-08-22 11:16:21,000 INFO TradeStore - TradeStore hazır: data\trades.db
2025-08-22 11:16:23,233 INFO TradeStore - TradeStore hazır: data\trades.db
2025-08-22 11:33:22,696 INFO TradeStore - TradeStore hazır: data\trades.db
2025-08-22 11:33:22,760 INFO TradeStore - TradeStore hazır: C:\Users\kocbe\AppData\Local\Temp\pytest-of-kocbe\pytest-0\test_daily_loss_guard0\trades.db
2025-08-22 11:33:29,470 INFO TradeStore - TradeStore hazır: data\trades.db
2025-08-22 11:33:29,525 INFO TradeStore - TradeStore hazır: C:\Users\kocbe\AppData\Local\Temp\pytest-of-kocbe\pytest-0\test_consecutive_losses_guard0\trades.db
2025-08-22 11:33:30,022 INFO TradeStore - TradeStore hazır: data\trades.db
2025-08-22 11:33:30,089 INFO TradeStore - TradeStore hazır: C:\Users\kocbe\AppData\Local\Temp\pytest-of-kocbe\pytest-0\test_correlation_guard_blocks0\trades.db
2025-08-22 11:33:30,577 INFO TradeStore - TradeStore hazır: data\trades.db
2025-08-22 11:33:30,622 INFO TradeStore - TradeStore hazır: C:\Users\kocbe\AppData\Local\Temp\pytest-of-kocbe\pytest-0\test_weighted_pnl_scale_out0\trades.db
2025-08-22 11:33:34,241 INFO TradeStore - TradeStore hazır: data\trades.db
2025-08-22 11:33:34,303 INFO TradeStore - TradeStore hazır: C:\Users\kocbe\AppData\Local\Temp\pytest-of-kocbe\pytest-1\test_daily_loss_guard0\trades.db
2025-08-22 11:33:34,787 INFO TradeStore - TradeStore hazır: data\trades.db
2025-08-22 11:33:34,853 INFO TradeStore - TradeStore hazır: C:\Users\kocbe\AppData\Local\Temp\pytest-of-kocbe\pytest-1\test_consecutive_losses_guard0\trades.db
2025-08-22 11:33:35,344 INFO TradeStore - TradeStore hazır: data\trades.db
2025-08-22 11:33:35,381 INFO TradeStore - TradeStore hazır: C:\Users\kocbe\AppData\Local\Temp\pytest-of-kocbe\pytest-1\test_correlation_guard_blocks0\trades.db
2025-08-22 11:33:35,848 INFO TradeStore - TradeStore hazır: data\trades.db
2025-08-22 11:33:35,908 INFO TradeStore - TradeStore hazır: C:\Users\kocbe\AppData\Local\Temp\pytest-of-kocbe\pytest-1\test_weighted_pnl_scale_out0\trades.db
2025-08-22 11:33:40,587 INFO TradeStore - TradeStore hazır: data\trades.db
2025-08-22 11:33:40,606 INFO TradeStore - TradeStore hazır: C:\Users\kocbe\AppData\Local\Temp\pytest-of-kocbe\pytest-2\test_daily_loss_guard0\trades.db
2025-08-22 11:33:41,092 INFO TradeStore - TradeStore hazır: data\trades.db
2025-08-22 11:33:41,152 INFO TradeStore - TradeStore hazır: C:\Users\kocbe\AppData\Local\Temp\pytest-of-kocbe\pytest-2\test_consecutive_losses_guard0\trades.db
2025-08-22 11:33:41,649 INFO TradeStore - TradeStore hazır: data\trades.db
2025-08-22 11:33:41,674 INFO TradeStore - TradeStore hazır: C:\Users\kocbe\AppData\Local\Temp\pytest-of-kocbe\pytest-2\test_correlation_guard_blocks0\trades.db
2025-08-22 11:33:42,134 INFO TradeStore - TradeStore hazır: data\trades.db
2025-08-22 11:33:42,152 INFO TradeStore - TradeStore hazır: C:\Users\kocbe\AppData\Local\Temp\pytest-of-kocbe\pytest-2\test_weighted_pnl_scale_out0\trades.db
2025-08-22 11:33:53,622 INFO TradeStore - TradeStore hazır: data\trades.db
2025-08-22 11:33:53,647 INFO TradeStore - TradeStore hazır: C:\Users\kocbe\AppData\Local\Temp\pytest-of-kocbe\pytest-3\test_daily_loss_guard0\trades.db
2025-08-22 11:33:54,125 INFO TradeStore - TradeStore hazır: data\trades.db
2025-08-22 11:33:54,192 INFO TradeStore - TradeStore hazır: C:\Users\kocbe\AppData\Local\Temp\pytest-of-kocbe\pytest-3\test_consecutive_losses_guard0\trades.db
2025-08-22 11:33:54,701 INFO TradeStore - TradeStore hazır: data\trades.db
2025-08-22 11:33:54,725 INFO TradeStore - TradeStore hazır: C:\Users\kocbe\AppData\Local\Temp\pytest-of-kocbe\pytest-3\test_correlation_guard_blocks0\trades.db
2025-08-22 11:33:55,190 INFO TradeStore - TradeStore hazır: data\trades.db
2025-08-22 11:33:55,211 INFO TradeStore - TradeStore hazır: C:\Users\kocbe\AppData\Local\Temp\pytest-of-kocbe\pytest-3\test_weighted_pnl_scale_out0\trades.db
2025-08-22 11:34:15,342 INFO TradeStore - TradeStore hazır: data\trades.db
2025-08-22 11:34:15,409 INFO TradeStore - TradeStore hazır: C:\Users\kocbe\AppData\Local\Temp\pytest-of-kocbe\pytest-4\test_daily_loss_guard0\trades.db
2025-08-22 11:34:15,895 INFO TradeStore - TradeStore hazır: data\trades.db
2025-08-22 11:34:15,961 INFO TradeStore - TradeStore hazır: C:\Users\kocbe\AppData\Local\Temp\pytest-of-kocbe\pytest-4\test_consecutive_losses_guard0\trades.db
2025-08-22 11:34:16,464 INFO TradeStore - TradeStore hazır: data\trades.db
2025-08-22 11:34:16,482 INFO TradeStore - TradeStore hazır: C:\Users\kocbe\AppData\Local\Temp\pytest-of-kocbe\pytest-4\test_correlation_guard_blocks0\trades.db
2025-08-22 11:34:16,961 INFO TradeStore - TradeStore hazır: data\trades.db
2025-08-22 11:34:16,979 INFO TradeStore - TradeStore hazır: C:\Users\kocbe\AppData\Local\Temp\pytest-of-kocbe\pytest-4\test_weighted_pnl_scale_out0\trades.db
2025-08-22 11:36:44,793 INFO TradeStore - TradeStore hazır: data\trades.db
2025-08-22 11:36:44,812 INFO TradeStore - TradeStore hazır: C:\Users\kocbe\AppData\Local\Temp\pytest-of-kocbe\pytest-5\test_daily_loss_guard0\trades.db
2025-08-22 11:36:45,794 INFO TradeStore - TradeStore hazır: data\trades.db
2025-08-22 11:36:45,860 INFO TradeStore - TradeStore hazır: C:\Users\kocbe\AppData\Local\Temp\pytest-of-kocbe\pytest-5\test_consecutive_losses_guard0\trades.db
2025-08-22 11:36:46,836 INFO TradeStore - TradeStore hazır: data\trades.db
2025-08-22 11:36:46,903 INFO TradeStore - TradeStore hazır: C:\Users\kocbe\AppData\Local\Temp\pytest-of-kocbe\pytest-5\test_correlation_guard_blocks0\trades.db
2025-08-22 11:36:47,382 INFO TradeStore - TradeStore hazır: data\trades.db
2025-08-22 11:36:47,478 INFO TradeStore - TradeStore hazır: C:\Users\kocbe\AppData\Local\Temp\pytest-of-kocbe\pytest-5\test_weighted_pnl_scale_out0\trades.db
2025-08-22 11:38:01,832 INFO TradeStore - TradeStore hazır: data\trades.db
2025-08-22 11:38:01,849 INFO TradeStore - TradeStore hazır: C:\Users\kocbe\AppData\Local\Temp\pytest-of-kocbe\pytest-6\test_daily_loss_guard0\trades.db
2025-08-22 11:38:02,318 INFO TradeStore - TradeStore hazır: data\trades.db
2025-08-22 11:38:02,335 INFO TradeStore - TradeStore hazır: C:\Users\kocbe\AppData\Local\Temp\pytest-of-kocbe\pytest-6\test_consecutive_losses_guard0\trades.db
2025-08-22 11:38:02,814 INFO TradeStore - TradeStore hazır: data\trades.db
2025-08-22 11:38:02,834 INFO TradeStore - TradeStore hazır: C:\Users\kocbe\AppData\Local\Temp\pytest-of-kocbe\pytest-6\test_correlation_guard_blocks0\trades.db
2025-08-22 11:38:03,318 INFO TradeStore - TradeStore hazır: data\trades.db
2025-08-22 11:38:03,339 INFO TradeStore - TradeStore hazır: C:\Users\kocbe\AppData\Local\Temp\pytest-of-kocbe\pytest-6\test_weighted_pnl_scale_out0\trades.db
2025-08-22 11:41:36,299 INFO TradeStore - TradeStore hazır: data\trades.db
2025-08-22 11:41:43,064 INFO TradeStore - TradeStore hazır: data\trades.db
2025-08-22 11:41:55,610 INFO TradeStore - TradeStore hazır: data\trades.db
2025-08-22 11:42:34,740 INFO TradeStore - TradeStore hazır: data\trades.db
2025-08-22 11:42:41,361 INFO TradeStore - TradeStore hazır: data\trades.db
2025-08-22 11:43:21,386 INFO TradeStore - TradeStore hazır: data\trades.db
2025-08-22 11:43:46,430 INFO TradeStore - TradeStore hazır: data\trades.db
2025-08-22 11:43:56,967 INFO TradeStore - TradeStore hazır: data\trades.db
2025-08-22 11:44:20,677 INFO TradeStore - TradeStore hazır: data\trades.db
2025-08-22 11:44:45,826 INFO TradeStore - TradeStore hazır: data\trades.db
2025-08-22 11:44:52,755 INFO TradeStore - TradeStore hazır: data\trades.db
2025-08-22 11:45:45,412 INFO TradeStore - TradeStore hazır: data\trades.db
2025-08-22 11:48:50,576 INFO TradeStore - TradeStore hazır: data\trades.db
2025-08-22 11:48:50,643 INFO TradeStore - TradeStore hazır: C:\Users\kocbe\AppData\Local\Temp\pytest-of-kocbe\pytest-7\test_daily_loss_guard0\trades.db
2025-08-22 11:48:51,622 INFO TradeStore - TradeStore hazır: data\trades.db
2025-08-22 11:48:51,685 INFO TradeStore - TradeStore hazır: C:\Users\kocbe\AppData\Local\Temp\pytest-of-kocbe\pytest-7\test_consecutive_losses_guard0\trades.db
2025-08-22 11:48:52,203 INFO TradeStore - TradeStore hazır: data\trades.db
2025-08-22 11:48:52,264 INFO TradeStore - TradeStore hazır: C:\Users\kocbe\AppData\Local\Temp\pytest-of-kocbe\pytest-7\test_correlation_guard_blocks0\trades.db
2025-08-22 11:48:52,720 INFO TradeStore - TradeStore hazır: data\trades.db
2025-08-22 11:48:52,742 INFO TradeStore - TradeStore hazır: C:\Users\kocbe\AppData\Local\Temp\pytest-of-kocbe\pytest-7\test_weighted_pnl_scale_out0\trades.db
2025-08-22 11:48:54,184 INFO TradeStore - TradeStore hazır: data\trades.db
2025-08-22 11:48:56,231 INFO TradeStore - TradeStore hazır: data\trades.db
2025-08-22 11:49:34,816 INFO TradeStore - TradeStore hazır: data\trades.db
2025-08-22 11:49:34,836 INFO TradeStore - TradeStore hazır: C:\Users\kocbe\AppData\Local\Temp\pytest-of-kocbe\pytest-8\test_daily_loss_guard0\trades.db
2025-08-22 11:49:35,305 INFO TradeStore - TradeStore hazır: data\trades.db
2025-08-22 11:49:35,330 INFO TradeStore - TradeStore hazır: C:\Users\kocbe\AppData\Local\Temp\pytest-of-kocbe\pytest-8\test_consecutive_losses_guard0\trades.db
2025-08-22 11:49:35,806 INFO TradeStore - TradeStore hazır: data\trades.db
2025-08-22 11:49:35,864 INFO TradeStore - TradeStore hazır: C:\Users\kocbe\AppData\Local\Temp\pytest-of-kocbe\pytest-8\test_correlation_guard_blocks0\trades.db
2025-08-22 11:49:36,329 INFO TradeStore - TradeStore hazır: data\trades.db
2025-08-22 11:49:36,348 INFO TradeStore - TradeStore hazır: C:\Users\kocbe\AppData\Local\Temp\pytest-of-kocbe\pytest-8\test_weighted_pnl_scale_out0\trades.db
2025-08-22 11:49:37,805 INFO TradeStore - TradeStore hazır: data\trades.db
2025-08-22 11:49:39,833 INFO TradeStore - TradeStore hazır: data\trades.db
2025-08-22 11:55:43,288 INFO TradeStore - TradeStore hazır: data\trades.db
2025-08-22 11:58:34,277 INFO TradeStore - TradeStore hazır: data\trades.db
2025-08-22 11:59:43,318 INFO TradeStore - TradeStore hazır: data\trades.db
2025-08-22 11:59:58,483 INFO TradeStore - TradeStore hazır: data\trades.db
2025-08-22 12:01:03,442 INFO TradeStore - TradeStore hazır: data\trades.db
2025-08-22 12:01:38,873 INFO TradeStore - TradeStore hazır: data\trades.db
2025-08-22 12:02:28,503 INFO TradeStore - TradeStore hazır: data\trades.db
2025-08-22 12:35:03,442 INFO TradeStore - TradeStore hazır: data\trades.db
2025-08-22 12:39:38,633 INFO TradeStore - TradeStore hazır: data\trades.db
2025-08-22 12:40:51,219 INFO TradeStore - TradeStore hazır: data\trades.db
2025-08-22 12:43:18,524 INFO TradeStore - TradeStore hazır: data\trades.db
2025-08-22 12:47:54,543 INFO TradeStore - TradeStore hazır: data\trades.db
2025-08-22 12:52:45,474 INFO TradeStore - TradeStore hazır: data\trades.db
2025-08-22 12:57:14,511 INFO TradeStore - TradeStore hazır: data\trades.db
2025-08-23 05:43:14,311 INFO TradeStore - TradeStore hazır: data\trades.db
2025-08-23 05:43:14,340 INFO TradeStore - TradeStore hazır: C:\Users\kocbe\AppData\Local\Temp\pytest-of-kocbe\pytest-9\test_daily_loss_guard0\trades.db
2025-08-23 05:43:14,825 INFO TradeStore - TradeStore hazır: data\trades.db
2025-08-23 05:43:14,885 INFO TradeStore - TradeStore hazır: C:\Users\kocbe\AppData\Local\Temp\pytest-of-kocbe\pytest-9\test_consecutive_losses_guard0\trades.db
2025-08-23 05:43:15,388 INFO TradeStore - TradeStore hazır: data\trades.db
2025-08-23 05:43:15,407 INFO TradeStore - TradeStore hazır: C:\Users\kocbe\AppData\Local\Temp\pytest-of-kocbe\pytest-9\test_correlation_guard_blocks0\trades.db
2025-08-23 05:43:15,873 INFO TradeStore - TradeStore hazır: data\trades.db
2025-08-23 05:43:15,904 INFO TradeStore - TradeStore hazır: C:\Users\kocbe\AppData\Local\Temp\pytest-of-kocbe\pytest-9\test_weighted_pnl_scale_out0\trades.db
2025-08-23 05:43:17,419 INFO TradeStore - TradeStore hazır: data\trades.db
2025-08-23 05:43:25,421 INFO TradeStore - TradeStore hazır: data\trades.db
2025-08-23 05:43:29,489 INFO TradeStore - TradeStore hazır: data\trades.db
2025-08-23 05:43:29,553 INFO TradeStore - TradeStore hazır: C:\Users\kocbe\AppData\Local\Temp\pytest-of-kocbe\pytest-10\test_daily_loss_guard0\trades.db
2025-08-23 05:43:30,047 INFO TradeStore - TradeStore hazır: data\trades.db
2025-08-23 05:43:30,069 INFO TradeStore - TradeStore hazır: C:\Users\kocbe\AppData\Local\Temp\pytest-of-kocbe\pytest-10\test_consecutive_losses_guard0\trades.db
2025-08-23 05:43:30,530 INFO TradeStore - TradeStore hazır: data\trades.db
2025-08-23 05:43:30,562 INFO TradeStore - TradeStore hazır: C:\Users\kocbe\AppData\Local\Temp\pytest-of-kocbe\pytest-10\test_correlation_guard_blocks0\trades.db
2025-08-23 05:43:31,049 INFO TradeStore - TradeStore hazır: data\trades.db
2025-08-23 05:43:31,104 INFO TradeStore - TradeStore hazır: C:\Users\kocbe\AppData\Local\Temp\pytest-of-kocbe\pytest-10\test_weighted_pnl_scale_out0\trades.db
2025-08-23 05:43:40,668 INFO TradeStore - TradeStore hazır: data\trades.db
2025-08-23 05:43:48,293 INFO TradeStore - TradeStore hazır: data\trades.db
2025-08-23 05:43:57,776 INFO TradeStore - TradeStore hazır: data\trades.db
2025-08-23 05:43:57,793 INFO TradeStore - TradeStore hazır: C:\Users\kocbe\AppData\Local\Temp\pytest-of-kocbe\pytest-11\test_daily_loss_guard0\trades.db
2025-08-23 05:43:58,272 INFO TradeStore - TradeStore hazır: data\trades.db
2025-08-23 05:43:58,336 INFO TradeStore - TradeStore hazır: C:\Users\kocbe\AppData\Local\Temp\pytest-of-kocbe\pytest-11\test_consecutive_losses_guard0\trades.db
2025-08-23 05:43:58,830 INFO TradeStore - TradeStore hazır: data\trades.db
2025-08-23 05:43:58,848 INFO TradeStore - TradeStore hazır: C:\Users\kocbe\AppData\Local\Temp\pytest-of-kocbe\pytest-11\test_correlation_guard_blocks0\trades.db
2025-08-23 05:43:59,321 INFO TradeStore - TradeStore hazır: data\trades.db
2025-08-23 05:43:59,376 INFO TradeStore - TradeStore hazır: C:\Users\kocbe\AppData\Local\Temp\pytest-of-kocbe\pytest-11\test_weighted_pnl_scale_out0\trades.db
2025-08-23 05:44:00,818 INFO TradeStore - TradeStore hazır: data\trades.db
2025-08-23 06:13:50,044 INFO TradeStore - TradeStore hazır: data\trades.db
2025-08-23 06:57:40,205 INFO TradeStore - TradeStore hazır: data\trades.db
2025-08-23 06:57:40,272 INFO TradeStore - TradeStore hazır: C:\Users\kocbe\AppData\Local\Temp\pytest-of-kocbe\pytest-12\test_daily_loss_guard0\trades.db
2025-08-23 06:57:40,768 INFO TradeStore - TradeStore hazır: data\trades.db
2025-08-23 06:57:40,816 INFO TradeStore - TradeStore hazır: C:\Users\kocbe\AppData\Local\Temp\pytest-of-kocbe\pytest-12\test_consecutive_losses_guard0\trades.db
2025-08-23 06:57:41,319 INFO TradeStore - TradeStore hazır: data\trades.db
2025-08-23 06:57:41,368 INFO TradeStore - TradeStore hazır: C:\Users\kocbe\AppData\Local\Temp\pytest-of-kocbe\pytest-12\test_correlation_guard_blocks0\trades.db
2025-08-23 06:57:41,841 INFO TradeStore - TradeStore hazır: data\trades.db
2025-08-23 06:57:41,861 INFO TradeStore - TradeStore hazır: C:\Users\kocbe\AppData\Local\Temp\pytest-of-kocbe\pytest-12\test_weighted_pnl_scale_out0\trades.db
2025-08-23 06:57:43,295 INFO TradeStore - TradeStore hazır: data\trades.db
2025-08-23 06:59:18,605 INFO TradeStore - TradeStore hazır: data\trades.db
2025-08-23 07:00:10,018 INFO TradeStore - TradeStore hazır: data\trades.db
2025-08-23 07:00:10,038 INFO TradeStore - TradeStore hazır: C:\Users\kocbe\AppData\Local\Temp\pytest-of-kocbe\pytest-13\test_daily_loss_guard0\trades.db
2025-08-23 07:00:10,515 INFO TradeStore - TradeStore hazır: data\trades.db
2025-08-23 07:00:10,533 INFO TradeStore - TradeStore hazır: C:\Users\kocbe\AppData\Local\Temp\pytest-of-kocbe\pytest-13\test_consecutive_losses_guard0\trades.db
2025-08-23 07:00:11,021 INFO TradeStore - TradeStore hazır: data\trades.db
2025-08-23 07:00:11,085 INFO TradeStore - TradeStore hazır: C:\Users\kocbe\AppData\Local\Temp\pytest-of-kocbe\pytest-13\test_correlation_guard_blocks0\trades.db
2025-08-23 07:00:11,570 INFO TradeStore - TradeStore hazır: data\trades.db
2025-08-23 07:00:11,588 INFO TradeStore - TradeStore hazır: C:\Users\kocbe\AppData\Local\Temp\pytest-of-kocbe\pytest-13\test_weighted_pnl_scale_out0\trades.db
2025-08-23 07:00:13,067 INFO TradeStore - TradeStore hazır: data\trades.db
2025-08-23 07:00:24,820 INFO TradeStore - TradeStore hazır: data\trades.db
2025-08-23 08:19:10,677 INFO TradeStore - TradeStore hazir: data\trades.db
2025-08-23 09:09:37,724 INFO TradeStore - TradeStore hazir: data\trades.db
2025-08-23 09:12:39,267 INFO TradeStore - TradeStore hazir: data\trades.db
2025-08-23 09:19:35,217 INFO TradeStore - TradeStore hazir: data\trades.db
2025-08-23 15:55:24,628 INFO TradeStore - TradeStore hazir: data\trades.db
2025-08-23 15:55:24,645 INFO TradeStore - TradeStore hazir: C:\Users\kocbe\AppData\Local\Temp\pytest-of-kocbe\pytest-14\test_daily_risk_reset_triggers0\trades.db
2025-08-23 15:56:50,897 INFO TradeStore - TradeStore hazir: data\trades.db
2025-08-23 15:56:50,916 INFO TradeStore - TradeStore hazir: C:\Users\kocbe\AppData\Local\Temp\pytest-of-kocbe\pytest-15\test_daily_risk_reset_triggers0\trades.db
2025-08-23 15:57:13,172 INFO TradeStore - TradeStore hazir: data\trades.db
2025-08-23 15:57:13,193 INFO TradeStore - TradeStore hazir: C:\Users\kocbe\AppData\Local\Temp\pytest-of-kocbe\pytest-16\test_daily_risk_reset_triggers0\trades.db
2025-08-23 15:57:39,030 INFO TradeStore - TradeStore hazir: data\trades.db
2025-08-23 15:57:39,048 INFO TradeStore - TradeStore hazir: C:\Users\kocbe\AppData\Local\Temp\pytest-of-kocbe\pytest-17\test_daily_risk_reset_triggers0\trades.db
2025-08-23 15:58:14,776 INFO TradeStore - TradeStore hazir: data\trades.db
2025-08-23 15:58:14,798 INFO TradeStore - TradeStore hazir: C:\Users\kocbe\AppData\Local\Temp\pytest-of-kocbe\pytest-18\test_daily_risk_reset_triggers0\trades.db
2025-08-23 15:58:21,481 INFO TradeStore - TradeStore hazir: data\trades.db
2025-08-23 15:58:21,498 INFO TradeStore - TradeStore hazir: C:\Users\kocbe\AppData\Local\Temp\pytest-of-kocbe\pytest-19\test_daily_risk_reset_noop_sam0\trades.db
2025-08-23 15:58:28,668 INFO TradeStore - TradeStore hazir: data\trades.db
2025-08-23 15:58:28,695 INFO TradeStore - TradeStore hazir: C:\Users\kocbe\AppData\Local\Temp\pytest-of-kocbe\pytest-20\test_daily_risk_reset_triggers0\trades.db
2025-08-23 15:58:29,158 INFO TradeStore - TradeStore hazir: data\trades.db
2025-08-23 15:58:29,219 INFO TradeStore - TradeStore hazir: C:\Users\kocbe\AppData\Local\Temp\pytest-of-kocbe\pytest-20\test_daily_risk_reset_noop_sam0\trades.db
2025-08-23 15:58:29,332 INFO TradeStore - TradeStore hazir: C:\Users\kocbe\AppData\Local\Temp\pytest-of-kocbe\pytest-20\test_recent_metrics_all_and_fi0\metrics.db
2025-08-23 15:58:30,358 INFO TradeStore - TradeStore hazir: data\trades.db
2025-08-23 15:58:52,781 INFO TradeStore - TradeStore hazir: data\trades.db
2025-08-23 15:59:04,815 INFO TradeStore - TradeStore hazir: data\trades.db
2025-08-23 15:59:11,162 INFO TradeStore - TradeStore hazir: data\trades.db
2025-08-23 15:59:11,184 INFO TradeStore - TradeStore hazir: C:\Users\kocbe\AppData\Local\Temp\pytest-of-kocbe\pytest-21\test_daily_risk_reset_triggers0\trades.db
2025-08-23 15:59:11,661 INFO TradeStore - TradeStore hazir: data\trades.db
2025-08-23 15:59:11,756 INFO TradeStore - TradeStore hazir: C:\Users\kocbe\AppData\Local\Temp\pytest-of-kocbe\pytest-21\test_daily_risk_reset_noop_sam0\trades.db
2025-08-23 15:59:11,899 INFO TradeStore - TradeStore hazir: C:\Users\kocbe\AppData\Local\Temp\pytest-of-kocbe\pytest-21\test_recent_metrics_all_and_fi0\metrics.db
2025-08-23 15:59:12,923 INFO TradeStore - TradeStore hazir: data\trades.db
2025-08-23 15:59:13,379 INFO TradeStore - TradeStore hazir: data\trades.db
2025-08-23 15:59:13,849 INFO TradeStore - TradeStore hazir: data\trades.db
2025-08-23 15:59:27,305 INFO TradeStore - TradeStore hazir: data\trades.db
2025-08-23 15:59:40,412 INFO TradeStore - TradeStore hazir: data\trades.db
2025-08-23 15:59:54,252 INFO TradeStore - TradeStore hazir: data\trades.db
2025-08-23 16:00:19,086 INFO TradeStore - TradeStore hazir: data\trades.db
2025-08-23 16:00:26,622 INFO TradeStore - TradeStore hazir: data\trades.db
2025-08-23 16:00:26,638 INFO TradeStore - TradeStore hazir: C:\Users\kocbe\AppData\Local\Temp\pytest-of-kocbe\pytest-22\test_daily_risk_reset_triggers0\trades.db
2025-08-23 16:00:27,597 INFO TradeStore - TradeStore hazir: data\trades.db
2025-08-23 16:00:27,663 INFO TradeStore - TradeStore hazir: C:\Users\kocbe\AppData\Local\Temp\pytest-of-kocbe\pytest-22\test_daily_risk_reset_noop_sam0\trades.db
2025-08-23 16:00:27,765 INFO TradeStore - TradeStore hazir: C:\Users\kocbe\AppData\Local\Temp\pytest-of-kocbe\pytest-22\test_recent_metrics_all_and_fi0\metrics.db
2025-08-23 16:00:28,800 INFO TradeStore - TradeStore hazir: data\trades.db
2025-08-23 16:00:29,271 INFO TradeStore - TradeStore hazir: data\trades.db
2025-08-23 16:00:29,736 INFO TradeStore - TradeStore hazir: data\trades.db
2025-08-23 16:00:30,203 INFO TradeStore - TradeStore hazir: data\trades.db
2025-08-23 16:00:30,221 INFO TradeStore - TradeStore hazir: C:\Users\kocbe\AppData\Local\Temp\pytest-of-kocbe\pytest-22\test_daily_loss_guard0\trades.db
2025-08-23 16:00:31,173 INFO TradeStore - TradeStore hazir: data\trades.db
2025-08-23 16:00:31,232 INFO TradeStore - TradeStore hazir: C:\Users\kocbe\AppData\Local\Temp\pytest-of-kocbe\pytest-22\test_consecutive_losses_guard0\trades.db
2025-08-23 16:00:31,720 INFO TradeStore - TradeStore hazir: data\trades.db
2025-08-23 16:00:31,782 INFO TradeStore - TradeStore hazir: C:\Users\kocbe\AppData\Local\Temp\pytest-of-kocbe\pytest-22\test_correlation_guard_blocks0\trades.db
2025-08-23 16:00:32,243 INFO TradeStore - TradeStore hazir: data\trades.db
2025-08-23 16:00:32,265 INFO TradeStore - TradeStore hazir: C:\Users\kocbe\AppData\Local\Temp\pytest-of-kocbe\pytest-22\test_weighted_pnl_scale_out0\trades.db
2025-08-23 16:00:32,726 INFO TradeStore - TradeStore hazir: data\trades.db
